<?xml version="1.0" encoding="utf-8"?><testsuites><testsuite name="pytest" errors="0" failures="0" skipped="0" tests="6" time="0.094" timestamp="2023-02-14T21:43:32.801606" hostname="DESKTOP-ODHQH7J"><testcase classname="tests.test_bytebank.TestClass" name="test_quando_idade_recebe_13_03_2000_deve_retornar_23" time="0.003" /><testcase classname="tests.test_bytebank.TestClass" name="test_quando_sobrenome_recebe_Darth_Loki_deve_retornar_Loki" time="0.001" /><testcase classname="tests.test_bytebank.TestClass" name="test_quando_sobrenome_recebe_Darth_deve_retornar_sem_sobrenome" time="0.001" /><testcase classname="tests.test_bytebank.TestClass" name="test_quando_decrescimo_salario_recebe_100000_deve_retornar_90000" time="0.001" /><testcase classname="tests.test_bytebank.TestClass" name="test_quando_calcular_bonus_recebe_1000_deve_retornar_100" time="0.001" /><testcase classname="tests.test_bytebank.TestClass" name="test_quando_calcular_bonus_recebe_9999999_deve_retornar_exception" time="0.001" /></testsuite></testsuites>